<?xml version="1.0" encoding="UTF-8"?>
<!-- Generated by org.testng.reporters.JUnitReportReporter -->
<testsuite hostname="DESKTOP-PPNP77A" failures="0" tests="4" name="urbanladder.C1.validateUrvbanladderText" time="95.985" errors="0" timestamp="2021-09-27T13:07:46 IST" skipped="0">
  <testcase classname="urbanladder.C1.validateUrvbanladderText" name="validateText" time="13.244"/>
  <system-out/>
  <testcase classname="urbanladder.C1.validateUrvbanladderText" name="validateTable" time="16.089"/>
  <system-out/>
  <testcase classname="urbanladder.C1.validateUrvbanladderText" name="validTabledrop" time="30.744"/>
  <system-out/>
  <testcase classname="urbanladder.C1.validateUrvbanladderText" name="Addtocart" time="35.908"/>
  <system-out/>
</testsuite> <!-- urbanladder.C1.validateUrvbanladderText -->
