<?xml version="1.0" encoding="UTF-8"?>
<!-- Generated by org.testng.reporters.JUnitReportReporter -->
<testsuite hostname="DESKTOP-PPNP77A" failures="0" tests="1" name="urbanladder.C1.Datadriven" time="0.000" errors="0" timestamp="24 Sep 2021 15:20:23 GMT" skipped="1">
  <testcase classname="urbanladder.C1.Datadriven" name="Homepage" time="0.000">
    <skipped/>
  </testcase> <!-- Homepage -->
</testsuite> <!-- urbanladder.C1.Datadriven -->
