<?xml version="1.0" encoding="UTF-8"?>
<!-- Generated by org.testng.reporters.JUnitReportReporter -->
<testsuite hostname="DESKTOP-PPNP77A" failures="0" tests="2" name="urbanladder.C1.Furniture" time="8.415" errors="0" timestamp="2021-09-27T13:07:46 IST" skipped="0">
  <testcase classname="urbanladder.C1.Furniture" name="validateSpecialfurniture" time="3.986"/>
  <system-out/>
  <testcase classname="urbanladder.C1.Furniture" name="validateTable" time="4.429"/>
  <system-out/>
</testsuite> <!-- urbanladder.C1.Furniture -->
