<?xml version="1.0" encoding="UTF-8"?>
<!-- Generated by org.testng.reporters.JUnitReportReporter -->
<testsuite hostname="DESKTOP-PPNP77A" failures="0" tests="2" name="urbanladder.C1.urbanNavigation" time="8.550" errors="0" timestamp="2021-09-27T13:07:46 IST" skipped="0">
  <testcase classname="urbanladder.C1.urbanNavigation" name="initialize" time="3.529"/>
  <system-out/>
  <testcase classname="urbanladder.C1.urbanNavigation" name="CountOfBeds" time="5.021"/>
  <system-out/>
</testsuite> <!-- urbanladder.C1.urbanNavigation -->
